<?xml version="1.0" encoding="UTF-8"?>
<!-- Generated by org.testng.reporters.JUnitXMLReporter -->
<testsuite ignored="0" hostname="TVLLAP29" failures="0" tests="1" name="Test" time="0.518" errors="0" timestamp="2024-03-18T15:31:59 BDT">
  <testcase classname="Utilities.ExtentITestListenerClassAdapter" name="@BeforeClass setUp" time="-1.710754319116E9">
    <failure type="org.testng.TestNGException" message="
Parameter &amp;apos;browser&amp;apos; is required by BeforeClass on method setUp but has not been marked @Optional or defined
in C:\Users\Ariful\eclipse-workspace\BSTFT_MoST\src\test\java\Pages\testng.xml">
      <![CDATA[org.testng.TestNGException: 
Parameter 'browser' is required by BeforeClass on method setUp but has not been marked @Optional or defined
in C:\Users\Ariful\eclipse-workspace\BSTFT_MoST\src\test\java\Pages\testng.xml
at java.base/java.util.ArrayList.forEach(ArrayList.java:1511)
... Removed 22 stack frames]]>
    </failure>
  </testcase> <!-- @BeforeClass setUp -->
  <testcase classname="Utilities.ExtentITestListenerClassAdapter" name="@AfterMethod tearDown" time="0.0">
    <skipped/>
  </testcase> <!-- @AfterMethod tearDown -->
  <testcase classname="Utilities.ExtentITestListenerClassAdapter" name="@AfterClass tearDown" time="0.0">
    <skipped/>
  </testcase> <!-- @AfterClass tearDown -->
  <testcase classname="Pages.LoginPage" name="loginPages" time="0.0">
    <skipped/>
  </testcase> <!-- loginPages -->
</testsuite> <!-- Test -->
