<!DOCTYPE html PUBLIC "-//W3C//DTD XHTML 1.1//EN" "https://www.w3.org/TR/xhtml11/DTD/xhtml11.dtd">
<html xmlns="https://www.w3.org/1999/xhtml">
<head>
<meta http-equiv="content-type" content="text/html; charset=UTF-8"/>
<title>TestNG Report</title>
<style type="text/css">table {margin-bottom:10px;border-collapse:collapse;empty-cells:show}th,td {border:1px solid #009;padding:.25em .5em}th {vertical-align:bottom}td {vertical-align:top}table a {font-weight:bold}.stripe td {background-color: #E6EBF9}.num {text-align:right}.passedodd td {background-color: #3F3}.passedeven td {background-color: #0A0}.skippedodd td {background-color: #DDD}.skippedeven td {background-color: #CCC}.failedodd td,.attn {background-color: #F33}.failedeven td,.stripe .attn {background-color: #D00}.stacktrace {white-space:pre;font-family:monospace}.totop {font-size:85%;text-align:center;border-bottom:2px solid #000}.invisible {display:none}</style>
</head>
<body>
<table>
<tr><th>Test</th><th># Passed</th><th># Skipped</th><th># Retried</th><th># Failed</th><th>Time (ms)</th><th>Included Groups</th><th>Excluded Groups</th></tr>
<tr><th colspan="8">TestSuite</th></tr>
<tr><td><a href="#t0">BSTFT Application Test</a></td><td class="num">2</td><td class="num">0</td><td class="num">0</td><td class="num attn">9</td><td class="num">133,222</td><td></td><td></td></tr>
</table>
<table id='summary'><thead><tr><th>Class</th><th>Method</th><th>Start</th><th>Time (ms)</th></tr></thead><tbody><tr><th colspan="4">TestSuite</th></tr></tbody><tbody id="t0"><tr><th colspan="4">BSTFT Application Test &#8212; failed</th></tr><tr class="failedeven"><td rowspan="9">Pages.ApplicationPage</td><td><a href="#m0">ApplictionsPage</a></td><td rowspan="1">1715160715352</td><td rowspan="1">40393</td></tr><tr class="failedeven"><td><a href="#m1">onFinish</a></td><td rowspan="1">1715160755921</td><td rowspan="1">3679</td></tr><tr class="failedeven"><td><a href="#m2">onStart</a></td><td rowspan="1">1715160759772</td><td rowspan="1">3</td></tr><tr class="failedeven"><td><a href="#m3">onTestFailedButWithinSuccessPercentage</a></td><td rowspan="1">1715160759914</td><td rowspan="1">0</td></tr><tr class="failedeven"><td><a href="#m4">onTestFailedWithTimeout</a></td><td rowspan="1">1715160760039</td><td rowspan="1">0</td></tr><tr class="failedeven"><td><a href="#m5">onTestFailure</a></td><td rowspan="1">1715160760149</td><td rowspan="1">0</td></tr><tr class="failedeven"><td><a href="#m6">onTestSkipped</a></td><td rowspan="1">1715160760243</td><td rowspan="1">0</td></tr><tr class="failedeven"><td><a href="#m7">onTestStart</a></td><td rowspan="1">1715160760385</td><td rowspan="1">0</td></tr><tr class="failedeven"><td><a href="#m8">onTestSuccess</a></td><td rowspan="1">1715160760526</td><td rowspan="1">0</td></tr><tr><th colspan="4">BSTFT Application Test &#8212; passed</th></tr><tr class="passedeven"><td rowspan="1">Pages.DetailsPage</td><td><a href="#m9">gotoApplication</a></td><td rowspan="1">1715160636851</td><td rowspan="1">78501</td></tr><tr class="passedodd"><td rowspan="1">Pages.LoginPage</td><td><a href="#m10">loginPages</a></td><td rowspan="1">1715160627774</td><td rowspan="1">9061</td></tr></tbody>
</table>
<h2>BSTFT Application Test</h2><h3 id="m0">Pages.ApplicationPage#ApplictionsPage</h3><table class="result"><tr><th>Exception</th></tr><tr><td><div class="stacktrace">org.openqa.selenium.ElementNotInteractableException: Element &lt;div class=&quot;ant-upload-text&quot;&gt; is not reachable by keyboard
Build info: version: &apos;4.18.1&apos;, revision: &apos;b1d3319b48&apos;
System info: os.name: &apos;Windows 11&apos;, os.arch: &apos;amd64&apos;, os.version: &apos;10.0&apos;, java.version: &apos;17.0.10&apos;
Driver info: org.openqa.selenium.firefox.FirefoxDriver
Command: [3d66120a-a878-4363-8488-a37771f70cf9, sendKeysToElement {value=[Ljava.lang.CharSequence;@869d87c, id=dc23503c-90fe-48c2-a371-cac61220acba}]
Capabilities {acceptInsecureCerts: true, browserName: firefox, browserVersion: 125.0.3, moz:accessibilityChecks: false, moz:buildID: 20240425211020, moz:debuggerAddress: 127.0.0.1:45917, moz:geckodriverVersion: 0.34.0, moz:headless: false, moz:platformVersion: 10.0, moz:processID: 12992, moz:profile: C:\Users\Ariful\AppData\Loc..., moz:shutdownTimeout: 60000, moz:webdriverClick: true, moz:windowless: false, pageLoadStrategy: normal, platformName: windows, proxy: Proxy(), se:cdp: ws://127.0.0.1:45917/devtoo..., se:cdpVersion: 85.0, setWindowRect: true, strictFileInteractability: false, timeouts: {implicit: 0, pageLoad: 300000, script: 30000}, unhandledPromptBehavior: dismiss and notify, userAgent: Mozilla/5.0 (Windows NT 10....}
Element: [[FirefoxDriver: firefox on windows (3d66120a-a878-4363-8488-a37771f70cf9)] -&gt; xpath: (//div[@class=&apos;ant-upload-text&apos;])[1]]
Session ID: 3d66120a-a878-4363-8488-a37771f70cf9
	at org.openqa.selenium.remote.ErrorCodec.decode(ErrorCodec.java:167)
	at org.openqa.selenium.remote.codec.w3c.W3CHttpResponseCodec.decode(W3CHttpResponseCodec.java:138)
	at org.openqa.selenium.remote.codec.w3c.W3CHttpResponseCodec.decode(W3CHttpResponseCodec.java:50)
	at org.openqa.selenium.remote.HttpCommandExecutor.execute(HttpCommandExecutor.java:190)
	at org.openqa.selenium.remote.service.DriverCommandExecutor.invokeExecute(DriverCommandExecutor.java:216)
	at org.openqa.selenium.remote.service.DriverCommandExecutor.execute(DriverCommandExecutor.java:174)
	at org.openqa.selenium.remote.RemoteWebDriver.execute(RemoteWebDriver.java:519)
	at org.openqa.selenium.remote.RemoteWebElement.execute(RemoteWebElement.java:223)
	at org.openqa.selenium.remote.RemoteWebElement.sendKeys(RemoteWebElement.java:110)
	at Pages.ApplicationPage.ApplictionsPage(ApplicationPage.java:226)
	at java.base/java.util.ArrayList.forEach(ArrayList.java:1511)
... Removed 32 stack frames</div></td></tr></table><p class="totop"><a href="#summary">back to summary</a></p>
<h3 id="m1">Pages.ApplicationPage#onFinish</h3><table class="result"><tr><th>Exception</th></tr><tr><td><div class="stacktrace">java.lang.NullPointerException: Cannot invoke &quot;Object.equals(Object)&quot; because &quot;this.m_retryAnalyzerClass&quot; is null
	at java.base/java.util.ArrayList.forEach(ArrayList.java:1511)
... Removed 25 stack frames</div></td></tr></table><p class="totop"><a href="#summary">back to summary</a></p>
<h3 id="m2">Pages.ApplicationPage#onStart</h3><table class="result"><tr><th>Exception</th></tr><tr><td><div class="stacktrace">java.lang.NullPointerException: Cannot invoke &quot;Object.equals(Object)&quot; because &quot;this.m_retryAnalyzerClass&quot; is null
	at java.base/java.util.ArrayList.forEach(ArrayList.java:1511)
... Removed 25 stack frames</div></td></tr></table><p class="totop"><a href="#summary">back to summary</a></p>
<h3 id="m3">Pages.ApplicationPage#onTestFailedButWithinSuccessPercentage</h3><table class="result"><tr><th>Exception</th></tr><tr><td><div class="stacktrace">org.testng.TestNGException: 
For more information on native dependency injection please refer to https://testng.org/doc/documentation-main.html#native-dependency-injection
	at java.base/java.util.ArrayList.forEach(ArrayList.java:1511)
... Removed 27 stack frames</div></td></tr></table><p class="totop"><a href="#summary">back to summary</a></p>
<h3 id="m4">Pages.ApplicationPage#onTestFailedWithTimeout</h3><table class="result"><tr><th>Exception</th></tr><tr><td><div class="stacktrace">org.testng.TestNGException: 
For more information on native dependency injection please refer to https://testng.org/doc/documentation-main.html#native-dependency-injection
	at java.base/java.util.ArrayList.forEach(ArrayList.java:1511)
... Removed 27 stack frames</div></td></tr></table><p class="totop"><a href="#summary">back to summary</a></p>
<h3 id="m5">Pages.ApplicationPage#onTestFailure</h3><table class="result"><tr><th>Exception</th></tr><tr><td><div class="stacktrace">org.testng.TestNGException: 
For more information on native dependency injection please refer to https://testng.org/doc/documentation-main.html#native-dependency-injection
	at java.base/java.util.ArrayList.forEach(ArrayList.java:1511)
... Removed 27 stack frames</div></td></tr></table><p class="totop"><a href="#summary">back to summary</a></p>
<h3 id="m6">Pages.ApplicationPage#onTestSkipped</h3><table class="result"><tr><th>Exception</th></tr><tr><td><div class="stacktrace">org.testng.TestNGException: 
For more information on native dependency injection please refer to https://testng.org/doc/documentation-main.html#native-dependency-injection
	at java.base/java.util.ArrayList.forEach(ArrayList.java:1511)
... Removed 27 stack frames</div></td></tr></table><p class="totop"><a href="#summary">back to summary</a></p>
<h3 id="m7">Pages.ApplicationPage#onTestStart</h3><table class="result"><tr><th>Exception</th></tr><tr><td><div class="stacktrace">org.testng.TestNGException: 
For more information on native dependency injection please refer to https://testng.org/doc/documentation-main.html#native-dependency-injection
	at java.base/java.util.ArrayList.forEach(ArrayList.java:1511)
... Removed 27 stack frames</div></td></tr></table><p class="totop"><a href="#summary">back to summary</a></p>
<h3 id="m8">Pages.ApplicationPage#onTestSuccess</h3><table class="result"><tr><th>Exception</th></tr><tr><td><div class="stacktrace">org.testng.TestNGException: 
For more information on native dependency injection please refer to https://testng.org/doc/documentation-main.html#native-dependency-injection
	at java.base/java.util.ArrayList.forEach(ArrayList.java:1511)
... Removed 27 stack frames</div></td></tr></table><p class="totop"><a href="#summary">back to summary</a></p>
<h3 id="m9">Pages.DetailsPage#gotoApplication</h3><table class="result"><tr><th class="invisible"/></tr></table><p class="totop"><a href="#summary">back to summary</a></p>
<h3 id="m10">Pages.LoginPage#loginPages</h3><table class="result"><tr><th class="invisible"/></tr></table><p class="totop"><a href="#summary">back to summary</a></p>
</body>
</html>
