<?xml version="1.0" encoding="UTF-8"?>
<!-- Generated by org.testng.reporters.JUnitXMLReporter -->
<testsuite ignored="4" hostname="TVLLAP29" failures="9" tests="11" name="BSTFT Application Test" time="133.222" errors="0" timestamp="2024-05-08T15:32:40 BDT">
  <testcase classname="Pages.LoginPage" name="loginPages" time="9.061"/>
  <testcase classname="Pages.DetailsPage" name="gotoApplication" time="78.501"/>
  <testcase classname="Pages.ApplicationPage" name="ApplictionsPage" time="40.393">
    <failure type="org.openqa.selenium.ElementNotInteractableException" message="Element &amp;lt;div class=&amp;quot;ant-upload-text&amp;quot;&amp;gt; is not reachable by keyboard
Build info: version: &amp;apos;4.18.1&amp;apos;, revision: &amp;apos;b1d3319b48&amp;apos;
System info: os.name: &amp;apos;Windows 11&amp;apos;, os.arch: &amp;apos;amd64&amp;apos;, os.version: &amp;apos;10.0&amp;apos;, java.version: &amp;apos;17.0.10&amp;apos;
Driver info: org.openqa.selenium.firefox.FirefoxDriver
Command: [3d66120a-a878-4363-8488-a37771f70cf9, sendKeysToElement {value=[Ljava.lang.CharSequence;@869d87c, id=dc23503c-90fe-48c2-a371-cac61220acba}]
Capabilities {acceptInsecureCerts: true, browserName: firefox, browserVersion: 125.0.3, moz:accessibilityChecks: false, moz:buildID: 20240425211020, moz:debuggerAddress: 127.0.0.1:45917, moz:geckodriverVersion: 0.34.0, moz:headless: false, moz:platformVersion: 10.0, moz:processID: 12992, moz:profile: C:\Users\Ariful\AppData\Loc..., moz:shutdownTimeout: 60000, moz:webdriverClick: true, moz:windowless: false, pageLoadStrategy: normal, platformName: windows, proxy: Proxy(), se:cdp: ws://127.0.0.1:45917/devtoo..., se:cdpVersion: 85.0, setWindowRect: true, strictFileInteractability: false, timeouts: {implicit: 0, pageLoad: 300000, script: 30000}, unhandledPromptBehavior: dismiss and notify, userAgent: Mozilla/5.0 (Windows NT 10....}
Element: [[FirefoxDriver: firefox on windows (3d66120a-a878-4363-8488-a37771f70cf9)] -&amp;gt; xpath: (//div[@class=&amp;apos;ant-upload-text&amp;apos;])[1]]
Session ID: 3d66120a-a878-4363-8488-a37771f70cf9">
      <![CDATA[org.openqa.selenium.ElementNotInteractableException: Element <div class="ant-upload-text"> is not reachable by keyboard
Build info: version: '4.18.1', revision: 'b1d3319b48'
System info: os.name: 'Windows 11', os.arch: 'amd64', os.version: '10.0', java.version: '17.0.10'
Driver info: org.openqa.selenium.firefox.FirefoxDriver
Command: [3d66120a-a878-4363-8488-a37771f70cf9, sendKeysToElement {value=[Ljava.lang.CharSequence;@869d87c, id=dc23503c-90fe-48c2-a371-cac61220acba}]
Capabilities {acceptInsecureCerts: true, browserName: firefox, browserVersion: 125.0.3, moz:accessibilityChecks: false, moz:buildID: 20240425211020, moz:debuggerAddress: 127.0.0.1:45917, moz:geckodriverVersion: 0.34.0, moz:headless: false, moz:platformVersion: 10.0, moz:processID: 12992, moz:profile: C:\Users\Ariful\AppData\Loc..., moz:shutdownTimeout: 60000, moz:webdriverClick: true, moz:windowless: false, pageLoadStrategy: normal, platformName: windows, proxy: Proxy(), se:cdp: ws://127.0.0.1:45917/devtoo..., se:cdpVersion: 85.0, setWindowRect: true, strictFileInteractability: false, timeouts: {implicit: 0, pageLoad: 300000, script: 30000}, unhandledPromptBehavior: dismiss and notify, userAgent: Mozilla/5.0 (Windows NT 10....}
Element: [[FirefoxDriver: firefox on windows (3d66120a-a878-4363-8488-a37771f70cf9)] -> xpath: (//div[@class='ant-upload-text'])[1]]
Session ID: 3d66120a-a878-4363-8488-a37771f70cf9
at org.openqa.selenium.remote.ErrorCodec.decode(ErrorCodec.java:167)
at org.openqa.selenium.remote.codec.w3c.W3CHttpResponseCodec.decode(W3CHttpResponseCodec.java:138)
at org.openqa.selenium.remote.codec.w3c.W3CHttpResponseCodec.decode(W3CHttpResponseCodec.java:50)
at org.openqa.selenium.remote.HttpCommandExecutor.execute(HttpCommandExecutor.java:190)
at org.openqa.selenium.remote.service.DriverCommandExecutor.invokeExecute(DriverCommandExecutor.java:216)
at org.openqa.selenium.remote.service.DriverCommandExecutor.execute(DriverCommandExecutor.java:174)
at org.openqa.selenium.remote.RemoteWebDriver.execute(RemoteWebDriver.java:519)
at org.openqa.selenium.remote.RemoteWebElement.execute(RemoteWebElement.java:223)
at org.openqa.selenium.remote.RemoteWebElement.sendKeys(RemoteWebElement.java:110)
at Pages.ApplicationPage.ApplictionsPage(ApplicationPage.java:226)
at java.base/java.util.ArrayList.forEach(ArrayList.java:1511)
... Removed 32 stack frames]]>
    </failure>
  </testcase> <!-- ApplictionsPage -->
  <testcase classname="org.testng.ITestListener" name="onFinish" time="3.679">
    <failure type="java.lang.NullPointerException" message="Cannot invoke &amp;quot;Object.equals(Object)&amp;quot; because &amp;quot;this.m_retryAnalyzerClass&amp;quot; is null">
      <![CDATA[java.lang.NullPointerException: Cannot invoke "Object.equals(Object)" because "this.m_retryAnalyzerClass" is null
at java.base/java.util.ArrayList.forEach(ArrayList.java:1511)
... Removed 25 stack frames]]>
    </failure>
  </testcase> <!-- onFinish -->
  <testcase classname="org.testng.ITestListener" name="onStart" time="0.003">
    <failure type="java.lang.NullPointerException" message="Cannot invoke &amp;quot;Object.equals(Object)&amp;quot; because &amp;quot;this.m_retryAnalyzerClass&amp;quot; is null">
      <![CDATA[java.lang.NullPointerException: Cannot invoke "Object.equals(Object)" because "this.m_retryAnalyzerClass" is null
at java.base/java.util.ArrayList.forEach(ArrayList.java:1511)
... Removed 25 stack frames]]>
    </failure>
  </testcase> <!-- onStart -->
  <testcase classname="org.testng.ITestListener" name="onTestFailedButWithinSuccessPercentage" time="0.0">
    <failure type="org.testng.TestNGException" message="
Cannot inject @Test annotated Method [onTestFailedButWithinSuccessPercentage] with [interface org.testng.ITestResult].
For more information on native dependency injection please refer to https://testng.org/doc/documentation-main.html#native-dependency-injection">
      <![CDATA[org.testng.TestNGException: 
For more information on native dependency injection please refer to https://testng.org/doc/documentation-main.html#native-dependency-injection
at java.base/java.util.ArrayList.forEach(ArrayList.java:1511)
... Removed 27 stack frames]]>
    </failure>
  </testcase> <!-- onTestFailedButWithinSuccessPercentage -->
  <testcase classname="org.testng.ITestListener" name="onTestFailedWithTimeout" time="0.0">
    <failure type="org.testng.TestNGException" message="
Cannot inject @Test annotated Method [onTestFailedWithTimeout] with [interface org.testng.ITestResult].
For more information on native dependency injection please refer to https://testng.org/doc/documentation-main.html#native-dependency-injection">
      <![CDATA[org.testng.TestNGException: 
For more information on native dependency injection please refer to https://testng.org/doc/documentation-main.html#native-dependency-injection
at java.base/java.util.ArrayList.forEach(ArrayList.java:1511)
... Removed 27 stack frames]]>
    </failure>
  </testcase> <!-- onTestFailedWithTimeout -->
  <testcase classname="org.testng.ITestListener" name="onTestFailure" time="0.0">
    <failure type="org.testng.TestNGException" message="
Cannot inject @Test annotated Method [onTestFailure] with [interface org.testng.ITestResult].
For more information on native dependency injection please refer to https://testng.org/doc/documentation-main.html#native-dependency-injection">
      <![CDATA[org.testng.TestNGException: 
For more information on native dependency injection please refer to https://testng.org/doc/documentation-main.html#native-dependency-injection
at java.base/java.util.ArrayList.forEach(ArrayList.java:1511)
... Removed 27 stack frames]]>
    </failure>
  </testcase> <!-- onTestFailure -->
  <testcase classname="org.testng.ITestListener" name="onTestSkipped" time="0.0">
    <failure type="org.testng.TestNGException" message="
Cannot inject @Test annotated Method [onTestSkipped] with [interface org.testng.ITestResult].
For more information on native dependency injection please refer to https://testng.org/doc/documentation-main.html#native-dependency-injection">
      <![CDATA[org.testng.TestNGException: 
For more information on native dependency injection please refer to https://testng.org/doc/documentation-main.html#native-dependency-injection
at java.base/java.util.ArrayList.forEach(ArrayList.java:1511)
... Removed 27 stack frames]]>
    </failure>
  </testcase> <!-- onTestSkipped -->
  <testcase classname="org.testng.ITestListener" name="onTestStart" time="0.0">
    <failure type="org.testng.TestNGException" message="
Cannot inject @Test annotated Method [onTestStart] with [interface org.testng.ITestResult].
For more information on native dependency injection please refer to https://testng.org/doc/documentation-main.html#native-dependency-injection">
      <![CDATA[org.testng.TestNGException: 
For more information on native dependency injection please refer to https://testng.org/doc/documentation-main.html#native-dependency-injection
at java.base/java.util.ArrayList.forEach(ArrayList.java:1511)
... Removed 27 stack frames]]>
    </failure>
  </testcase> <!-- onTestStart -->
  <testcase classname="org.testng.ITestListener" name="onTestSuccess" time="0.0">
    <failure type="org.testng.TestNGException" message="
Cannot inject @Test annotated Method [onTestSuccess] with [interface org.testng.ITestResult].
For more information on native dependency injection please refer to https://testng.org/doc/documentation-main.html#native-dependency-injection">
      <![CDATA[org.testng.TestNGException: 
For more information on native dependency injection please refer to https://testng.org/doc/documentation-main.html#native-dependency-injection
at java.base/java.util.ArrayList.forEach(ArrayList.java:1511)
... Removed 27 stack frames]]>
    </failure>
  </testcase> <!-- onTestSuccess -->
  <testcase classname="Utilities.ExtentITestListenerClassAdapter" name="@BeforeSuite setUp" time="0.0">
    <ignored/>
  </testcase> <!-- @BeforeSuite setUp -->
  <testcase classname="Utilities.ExtentITestListenerClassAdapter" name="@AfterSuite tearDown" time="0.0">
    <ignored/>
  </testcase> <!-- @AfterSuite tearDown -->
  <testcase classname="Utilities.ExtentITestListenerClassAdapter" name="@BeforeSuite setUp" time="0.0">
    <ignored/>
  </testcase> <!-- @BeforeSuite setUp -->
  <testcase classname="Utilities.ExtentITestListenerClassAdapter" name="@AfterSuite tearDown" time="0.0">
    <ignored/>
  </testcase> <!-- @AfterSuite tearDown -->
</testsuite> <!-- BSTFT Application Test -->
